<?xml version="1.0" encoding="UTF-8"?>
<!-- Generated by org.testng.reporters.JUnitReportReporter -->
<testsuite skipped="0" hostname="iFeelSmarts-iMac.local" name="com.qa.TestProject.MobileAutomationExercise_4" tests="1" failures="0" timestamp="24 May 2017 21:28:26 GMT" time="40.391" errors="0">
  <testcase name="Hello" time="40.391" classname="com.qa.TestProject.MobileAutomationExercise_4"/>
</testsuite> <!-- com.qa.TestProject.MobileAutomationExercise_4 -->
