<?xml version="1.0" encoding="UTF-8"?>
<!-- Generated by org.testng.reporters.JUnitReportReporter -->
<testsuite name="com.qa.TestProject.SimpleScript_Exercise_03" tests="1" time="24.387" ignored="0" failures="0" timestamp="26 May 2017 03:51:30 GMT" skipped="0" hostname="Shohans-MacBook-Pro.local" errors="0">
  <testcase name="AndroidAuto" time="24.387" classname="com.qa.TestProject.SimpleScript_Exercise_03"/>
</testsuite> <!-- com.qa.TestProject.SimpleScript_Exercise_03 -->
