<?xml version="1.0" encoding="UTF-8"?>
<!-- Generated by org.testng.reporters.JUnitReportReporter -->
<testsuite hostname="iFeelSmarts-iMac.local" name="com.qa.TestProject.MobileAutomationExercise_03" tests="1" failures="0" timestamp="7 Jun 2017 17:59:34 GMT" time="63.244" errors="0">
  <testcase name="AndroidAutomation" time="63.244" classname="com.qa.TestProject.MobileAutomationExercise_03"/>
</testsuite> <!-- com.qa.TestProject.MobileAutomationExercise_03 -->
