<?xml version="1.0" encoding="UTF-8"?>
<!-- Generated by org.testng.reporters.JUnitReportReporter -->
<testsuite skipped="0" hostname="iFeelSmarts-iMac.local" name="com.qa.TestProject.MobileAutomationExercise_One" tests="1" failures="0" timestamp="24 May 2017 15:28:07 GMT" time="40.449" errors="0">
  <testcase name="AndroidAutomation" time="40.449" classname="com.qa.TestProject.MobileAutomationExercise_One"/>
</testsuite> <!-- com.qa.TestProject.MobileAutomationExercise_One -->
