<?xml version="1.0" encoding="UTF-8"?>
<!-- Generated by org.testng.reporters.JUnitReportReporter -->
<testsuite skipped="0" hostname="iFeelSmarts-iMac.local" name="com.qa.TestProject.MobileAutomationExercise_Idealo" tests="1" failures="0" timestamp="24 May 2017 16:47:15 GMT" time="41.354" errors="0">
  <testcase name="AndroidAutomation" time="41.354" classname="com.qa.TestProject.MobileAutomationExercise_Idealo"/>
</testsuite> <!-- com.qa.TestProject.MobileAutomationExercise_Idealo -->
